yarn run v1.22.15
$ firebase --project eisbuk hosting:channel:deploy vite-test-build
[1m[32m✔  hosting:channel:[39m[22m Channel [1mvite-test-build[22m has been created on site [1meisbuk[22m.
[1m[32m✔  hosting:channel:[39m[22m Channel [1mvite-test-build[22m has been created on site [1migorice[22m.

[1m[37m===[39m Deploying to 'eisbuk'...[22m

[1m[36mi [39m[22m deploying [1mhosting[22m
[1m[36mi  hosting[igorice]:[39m[22m beginning deploy...
[1m[36mi  hosting[igorice]:[39m[22m found 13 files in [1mdist[22m
[2K[9999D[1m[36m⠋  hosting: [39m[22madding files to version [0/13] ([1m[32m0%[39m[22m)[2K[9999D[1m[36m⠙  hosting: [39m[22madding files to version [0/13] ([1m[32m0%[39m[22m)[2K[9999D[1m[36m⠹  hosting: [39m[22madding files to version [0/13] ([1m[32m0%[39m[22m)[2K[9999D[1m[36m⠸  hosting: [39m[22madding files to version [0/13] ([1m[32m0%[39m[22m)[2K[9999D[1m[36m⠼  hosting: [39m[22madding files to version [0/13] ([1m[32m0%[39m[22m)[2K[9999D[1m[36m⠴  hosting: [39m[22madding files to version [0/13] ([1m[32m0%[39m[22m)[2K[9999D[1m[36m⠦  hosting: [39m[22madding files to version [0/13] ([1m[32m0%[39m[22m)[2K[9999D[1m[36m⠧  hosting: [39m[22muploading new files [0/9] ([1m[32m0%[39m[22m)[2K[9999D[1m[36m⠇  hosting: [39m[22muploading new files [0/9] ([1m[32m0%[39m[22m)[2K[9999D[1m[36m⠏  hosting: [39m[22muploading new files [0/9] ([1m[32m0%[39m[22m)[2K[9999D[1m[36m⠋  hosting: [39m[22muploading new files [0/9] ([1m[32m0%[39m[22m)[2K[9999D[1m[36m⠙  hosting: [39m[22muploading new files [0/9] ([1m[32m0%[39m[22m)[2K[9999D[1m[36m⠹  hosting: [39m[22muploading new files [0/9] ([1m[32m0%[39m[22m)[2K[9999D[1m[36m⠸  hosting: [39m[22muploading new files [7/9] ([1m[32m77%[39m[22m)[2K[9999D[1m[32m✔  hosting[igorice]:[39m[22m file upload complete
[1m[36mi  hosting[eisbuk]:[39m[22m beginning deploy...
[1m[36mi  hosting[eisbuk]:[39m[22m found 13 files in [1mdist[22m
[2K[9999D[1m[36m⠼  hosting: [39m[22madding files to version [0/13] ([1m[32m0%[39m[22m)[2K[9999D[1m[36m⠴  hosting: [39m[22madding files to version [0/13] ([1m[32m0%[39m[22m)[2K[9999D[1m[36m⠦  hosting: [39m[22madding files to version [0/13] ([1m[32m0%[39m[22m)[2K[9999D[1m[36m⠧  hosting: [39m[22madding files to version [0/13] ([1m[32m0%[39m[22m)[2K[9999D[1m[36m⠇  hosting: [39m[22madding files to version [0/13] ([1m[32m0%[39m[22m)[2K[9999D[1m[36m⠏  hosting: [39m[22muploading new files [0/9] ([1m[32m0%[39m[22m)[2K[9999D[1m[36m⠋  hosting: [39m[22muploading new files [0/9] ([1m[32m0%[39m[22m)[2K[9999D[1m[36m⠙  hosting: [39m[22muploading new files [0/9] ([1m[32m0%[39m[22m)[2K[9999D[1m[36m⠹  hosting: [39m[22muploading new files [0/9] ([1m[32m0%[39m[22m)[2K[9999D[1m[36m⠸  hosting: [39m[22muploading new files [0/9] ([1m[32m0%[39m[22m)[2K[9999D[1m[36m⠼  hosting: [39m[22muploading new files [0/9] ([1m[32m0%[39m[22m)[2K[9999D[1m[36m⠴  hosting: [39m[22muploading new files [7/9] ([1m[32m77%[39m[22m)[2K[9999D[1m[32m✔  hosting[eisbuk]:[39m[22m file upload complete
[1m[36mi  hosting[igorice]:[39m[22m finalizing version...
[1m[36mi  hosting[eisbuk]:[39m[22m finalizing version...
[1m[32m✔  hosting[igorice]:[39m[22m version finalized
[1m[36mi  hosting[igorice]:[39m[22m releasing new version...
[1m[32m✔  hosting[eisbuk]:[39m[22m version finalized
[1m[36mi  hosting[eisbuk]:[39m[22m releasing new version...
[1m[32m✔  hosting[eisbuk]:[39m[22m release complete
[1m[32m✔  hosting[igorice]:[39m[22m release complete

[1m[32m✔ [39m[22m [1m[4mDeploy complete![24m[22m

[1mProject Console:[22m https://console.firebase.google.com/project/eisbuk/overview
[1mHosting URL:[22m https://igorice.web.app
[1mHosting URL:[22m https://eisbuk.web.app

[1m[32m✔  hosting:channel:[39m[22m Channel URL ([1migorice[22m): https://igorice--vite-test-build-s7usizd7.web.app [expires [1m2022-04-01 17:20:30[22m] [version [1m7b641ce81fdb2637[22m]
[1m[32m✔  hosting:channel:[39m[22m Channel URL ([1meisbuk[22m): https://eisbuk--vite-test-build-m3ixoa8q.web.app [expires [1m2022-04-01 17:20:30[22m] [version [1m483e8a0baa5c1c70[22m]
Done in 27.38s.
